INFO main org.springframework.web.servlet.mvc.method.annotation.RequestMappingHandlerMapping - Mapped "{[/error]}" onto public org.springframework.http.ResponseEntity<java.util.Map<java.lang.String, java.lang.Object>> org.springframework.boot.autoconfigure.web.BasicErrorController.error(javax.servlet.http.HttpServletRequest)
INFO main org.springframework.web.servlet.mvc.method.annotation.RequestMappingHandlerMapping - Mapped "{[/error],produces=[text/html]}" onto public org.springframework.web.servlet.ModelAndView org.springframework.boot.autoconfigure.web.BasicErrorController.errorHtml(javax.servlet.http.HttpServletRequest)
INFO main org.springframework.web.servlet.mvc.method.annotation.RequestMappingHandlerAdapter - Looking for @ControllerAdvice: org.springframework.web.context.support.GenericWebApplicationContext@77f80c04: startup date [Mon Aug 17 15:00:54 CST 2015]; root of context hierarchy
INFO main org.springframework.web.servlet.config.annotation.WebMvcConfigurerAdapter - Adding welcome page: ServletContext resource [/index.html]
INFO main org.springframework.web.servlet.handler.SimpleUrlHandlerMapping - Root mapping to handler of type [class org.springframework.web.servlet.mvc.ParameterizableViewController]
DEBUG main org.springframework.web.servlet.handler.BeanNameUrlHandlerMapping - Looking for URL mappings in application context: org.springframework.web.context.support.GenericWebApplicationContext@77f80c04: startup date [Mon Aug 17 15:00:54 CST 2015]; root of context hierarchy
DEBUG main org.springframework.web.servlet.handler.BeanNameUrlHandlerMapping - Rejected bean name 'org.springframework.context.annotation.internalConfigurationAnnotationProcessor': no URL paths identified
DEBUG main org.springframework.web.servlet.handler.BeanNameUrlHandlerMapping - Rejected bean name 'org.springframework.context.annotation.internalAutowiredAnnotationProcessor': no URL paths identified
DEBUG main org.springframework.web.servlet.handler.BeanNameUrlHandlerMapping - Rejected bean name 'org.springframework.context.annotation.internalRequiredAnnotationProcessor': no URL paths identified
DEBUG main org.springframework.web.servlet.handler.BeanNameUrlHandlerMapping - Rejected bean name 'org.springframework.context.annotation.internalCommonAnnotationProcessor': no URL paths identified
DEBUG main org.springframework.web.servlet.handler.BeanNameUrlHandlerMapping - Rejected bean name 'org.springframework.context.annotation.internalPersistenceAnnotationProcessor': no URL paths identified
DEBUG main org.springframework.web.servlet.handler.BeanNameUrlHandlerMapping - Rejected bean name 'org.springframework.context.event.internalEventListenerProcessor': no URL paths identified
DEBUG main org.springframework.web.servlet.handler.BeanNameUrlHandlerMapping - Rejected bean name 'org.springframework.context.event.internalEventListenerFactory': no URL paths identified
DEBUG main org.springframework.web.servlet.handler.BeanNameUrlHandlerMapping - Rejected bean name 'application': no URL paths identified
DEBUG main org.springframework.web.servlet.handler.BeanNameUrlHandlerMapping - Rejected bean name 'org.springframework.context.annotation.ConfigurationClassPostProcessor.importAwareProcessor': no URL paths identified
DEBUG main org.springframework.web.servlet.handler.BeanNameUrlHandlerMapping - Rejected bean name 'org.springframework.context.annotation.ConfigurationClassPostProcessor.enhancedConfigurationProcessor': no URL paths identified
DEBUG main org.springframework.web.servlet.handler.BeanNameUrlHandlerMapping - Rejected bean name 'swagger2ParameterNameReader': no URL paths identified
DEBUG main org.springframework.web.servlet.handler.BeanNameUrlHandlerMapping - Rejected bean name 'swagger2Controller': no URL paths identified
DEBUG main org.springframework.web.servlet.handler.BeanNameUrlHandlerMapping - Rejected bean name 'licenseMapperImpl': no URL paths identified
DEBUG main org.springframework.web.servlet.handler.BeanNameUrlHandlerMapping - Rejected bean name 'modelMapperImpl': no URL paths identified
DEBUG main org.springframework.web.servlet.handler.BeanNameUrlHandlerMapping - Rejected bean name 'parameterMapperImpl': no URL paths identified
DEBUG main org.springframework.web.servlet.handler.BeanNameUrlHandlerMapping - Rejected bean name 'securityMapperImpl': no URL paths identified
DEBUG main org.springframework.web.servlet.handler.BeanNameUrlHandlerMapping - Rejected bean name 'serviceModelToSwagger2MapperImpl': no URL paths identified
DEBUG main org.springframework.web.servlet.handler.BeanNameUrlHandlerMapping - Rejected bean name 'apiDescriptionReader': no URL paths identified
DEBUG main org.springframework.web.servlet.handler.BeanNameUrlHandlerMapping - Rejected bean name 'apiDocumentationScanner': no URL paths identified
DEBUG main org.springframework.web.servlet.handler.BeanNameUrlHandlerMapping - Rejected bean name 'apiListingReferenceScanner': no URL paths identified
DEBUG main org.springframework.web.servlet.handler.BeanNameUrlHandlerMapping - Rejected bean name 'apiListingScanner': no URL paths identified
DEBUG main org.springframework.web.servlet.handler.BeanNameUrlHandlerMapping - Rejected bean name 'apiModelReader': no URL paths identified
DEBUG main org.springframework.web.servlet.handler.BeanNameUrlHandlerMapping - Rejected bean name 'mediaTypeReader': no URL paths identified
DEBUG main org.springframework.web.servlet.handler.BeanNameUrlHandlerMapping - Rejected bean name 'apiOperationReader': no URL paths identified
DEBUG main org.springframework.web.servlet.handler.BeanNameUrlHandlerMapping - Rejected bean name 'defaultOperationReader': no URL paths identified
DEBUG main org.springframework.web.servlet.handler.BeanNameUrlHandlerMapping - Rejected bean name 'operationDeprecatedReader': no URL paths identified
DEBUG main org.springframework.web.servlet.handler.BeanNameUrlHandlerMapping - Rejected bean name 'operationModelsProvider': no URL paths identified
DEBUG main org.springframework.web.servlet.handler.BeanNameUrlHandlerMapping - Rejected bean name 'operationParameterReader': no URL paths identified
DEBUG main org.springframework.web.servlet.handler.BeanNameUrlHandlerMapping - Rejected bean name 'operationParameterRequestConditionReader': no URL paths identified
DEBUG main org.springframework.web.servlet.handler.BeanNameUrlHandlerMapping - Rejected bean name 'operationResponseClassReader': no URL paths identified
DEBUG main org.springframework.web.servlet.handler.BeanNameUrlHandlerMapping - Rejected bean name 'operationTagsReader': no URL paths identified
DEBUG main org.springframework.web.servlet.handler.BeanNameUrlHandlerMapping - Rejected bean name 'responseMessagesReader': no URL paths identified
DEBUG main org.springframework.web.servlet.handler.BeanNameUrlHandlerMapping - Rejected bean name 'expandedParameterBuilder': no URL paths identified
DEBUG main org.springframework.web.servlet.handler.BeanNameUrlHandlerMapping - Rejected bean name 'modelAttributeParameterExpander': no URL paths identified
DEBUG main org.springframework.web.servlet.handler.BeanNameUrlHandlerMapping - Rejected bean name 'parameterDataTypeReader': no URL paths identified
DEBUG main org.springframework.web.servlet.handler.BeanNameUrlHandlerMapping - Rejected bean name 'parameterDefaultReader': no URL paths identified
DEBUG main org.springframework.web.servlet.handler.BeanNameUrlHandlerMapping - Rejected bean name 'parameterMultiplesReader': no URL paths identified
DEBUG main org.springframework.web.servlet.handler.BeanNameUrlHandlerMapping - Rejected bean name 'parameterNameReader': no URL paths identified
DEBUG main org.springframework.web.servlet.handler.BeanNameUrlHandlerMapping - Rejected bean name 'parameterRequiredReader': no URL paths identified
DEBUG main org.springframework.web.servlet.handler.BeanNameUrlHandlerMapping - Rejected bean name 'parameterTypeReader': no URL paths identified
DEBUG main org.springframework.web.servlet.handler.BeanNameUrlHandlerMapping - Rejected bean name 'documentationPluginsBootstrapper': no URL paths identified
DEBUG main org.springframework.web.servlet.handler.BeanNameUrlHandlerMapping - Rejected bean name 'documentationPluginsManager': no URL paths identified
DEBUG main org.springframework.web.servlet.handler.BeanNameUrlHandlerMapping - Rejected bean name 'defaultModelProvider': no URL paths identified
DEBUG main org.springframework.web.servlet.handler.BeanNameUrlHandlerMapping - Rejected bean name 'modelDependencyProvider': no URL paths identified
DEBUG main org.springframework.web.servlet.handler.BeanNameUrlHandlerMapping - Rejected bean name 'typeNameExtractor': no URL paths identified
DEBUG main org.springframework.web.servlet.handler.BeanNameUrlHandlerMapping - Rejected bean name 'schemaPluginsManager': no URL paths identified
DEBUG main org.springframework.web.servlet.handler.BeanNameUrlHandlerMapping - Rejected bean name 'default': no URL paths identified
DEBUG main org.springframework.web.servlet.handler.BeanNameUrlHandlerMapping - Rejected bean name 'objectMapperBeanPropertyNamingStrategy': no URL paths identified
DEBUG main org.springframework.web.servlet.handler.BeanNameUrlHandlerMapping - Rejected bean name 'optimized': no URL paths identified
DEBUG main org.springframework.web.servlet.handler.BeanNameUrlHandlerMapping - Rejected bean name 'accessorsProvider': no URL paths identified
DEBUG main org.springframework.web.servlet.handler.BeanNameUrlHandlerMapping - Rejected bean name 'beanModelPropertyProvider': no URL paths identified
DEBUG main org.springframework.web.servlet.handler.BeanNameUrlHandlerMapping - Rejected bean name 'constructorModelPropertyProvider': no URL paths identified
DEBUG main org.springframework.web.servlet.handler.BeanNameUrlHandlerMapping - Rejected bean name 'fieldModelPropertyProvider': no URL paths identified
DEBUG main org.springframework.web.servlet.handler.BeanNameUrlHandlerMapping - Rejected bean name 'fieldProvider': no URL paths identified
DEBUG main org.springframework.web.servlet.handler.BeanNameUrlHandlerMapping - Rejected bean name 'apiModelBuilder': no URL paths identified
DEBUG main org.springframework.web.servlet.handler.BeanNameUrlHandlerMapping - Rejected bean name 'apiModelPropertyPropertyBuilder': no URL paths identified
DEBUG main org.springframework.web.servlet.handler.BeanNameUrlHandlerMapping - Rejected bean name 'apiModelTypeNameProvider': no URL paths identified
DEBUG main org.springframework.web.servlet.handler.BeanNameUrlHandlerMapping - Rejected bean name 'operationAuthReader': no URL paths identified
DEBUG main org.springframework.web.servlet.handler.BeanNameUrlHandlerMapping - Rejected bean name 'operationHiddenReader': no URL paths identified
DEBUG main org.springframework.web.servlet.handler.BeanNameUrlHandlerMapping - Rejected bean name 'operationHttpMethodReader': no URL paths identified
DEBUG main org.springframework.web.servlet.handler.BeanNameUrlHandlerMapping - Rejected bean name 'operationImplicitParameterReader': no URL paths identified
DEBUG main org.springframework.web.servlet.handler.BeanNameUrlHandlerMapping - Rejected bean name 'operationImplicitParametersReader': no URL paths identified
DEBUG main org.springframework.web.servlet.handler.BeanNameUrlHandlerMapping - Rejected bean name 'operationNicknameIntoUniqueIdReader': no URL paths identified
DEBUG main org.springframework.web.servlet.handler.BeanNameUrlHandlerMapping - Rejected bean name 'operationNotesReader': no URL paths identified
DEBUG main org.springframework.web.servlet.handler.BeanNameUrlHandlerMapping - Rejected bean name 'operationPositionReader': no URL paths identified
DEBUG main org.springframework.web.servlet.handler.BeanNameUrlHandlerMapping - Rejected bean name 'operationSummaryReader': no URL paths identified
DEBUG main org.springframework.web.servlet.handler.BeanNameUrlHandlerMapping - Rejected bean name 'swaggerMediaTypeReader': no URL paths identified
DEBUG main org.springframework.web.servlet.handler.BeanNameUrlHandlerMapping - Rejected bean name 'swaggerOperationModelsProvider': no URL paths identified
DEBUG main org.springframework.web.servlet.handler.BeanNameUrlHandlerMapping - Rejected bean name 'swaggerOperationResponseClassReader': no URL paths identified
DEBUG main org.springframework.web.servlet.handler.BeanNameUrlHandlerMapping - Rejected bean name 'swaggerResponseMessageReader': no URL paths identified
DEBUG main org.springframework.web.servlet.handler.BeanNameUrlHandlerMapping - Rejected bean name 'swaggerParameterAccessReader': no URL paths identified
DEBUG main org.springframework.web.servlet.handler.BeanNameUrlHandlerMapping - Rejected bean name 'swaggerParameterAllowableReader': no URL paths identified
DEBUG main org.springframework.web.servlet.handler.BeanNameUrlHandlerMapping - Rejected bean name 'swaggerParameterDefaultReader': no URL paths identified
DEBUG main org.springframework.web.servlet.handler.BeanNameUrlHandlerMapping - Rejected bean name 'swaggerParameterDescriptionReader': no URL paths identified
DEBUG main org.springframework.web.servlet.handler.BeanNameUrlHandlerMapping - Rejected bean name 'swaggerParameterMultiplesReader': no URL paths identified
DEBUG main org.springframework.web.servlet.handler.BeanNameUrlHandlerMapping - Rejected bean name 'swaggerParameterRequiredReader': no URL paths identified
DEBUG main org.springframework.web.servlet.handler.BeanNameUrlHandlerMapping - Rejected bean name 'swaggerExpandedParameterBuilder': no URL paths identified
DEBUG main org.springframework.web.servlet.handler.BeanNameUrlHandlerMapping - Rejected bean name 'apiResourceController': no URL paths identified
DEBUG main org.springframework.web.servlet.handler.BeanNameUrlHandlerMapping - Rejected bean name 'classOrApiAnnotationResourceGrouping': no URL paths identified
DEBUG main org.springframework.web.servlet.handler.BeanNameUrlHandlerMapping - Rejected bean name 'commentController': no URL paths identified
DEBUG main org.springframework.web.servlet.handler.BeanNameUrlHandlerMapping - Rejected bean name 'postController': no URL paths identified
DEBUG main org.springframework.web.servlet.handler.BeanNameUrlHandlerMapping - Rejected bean name 'restExceptionHandler': no URL paths identified
DEBUG main org.springframework.web.servlet.handler.BeanNameUrlHandlerMapping - Rejected bean name 'currentUserController': no URL paths identified
DEBUG main org.springframework.web.servlet.handler.BeanNameUrlHandlerMapping - Rejected bean name 'signupController': no URL paths identified
DEBUG main org.springframework.web.servlet.handler.BeanNameUrlHandlerMapping - Rejected bean name 'userController': no URL paths identified
DEBUG main org.springframework.web.servlet.handler.BeanNameUrlHandlerMapping - Rejected bean name 'userMgtController': no URL paths identified
DEBUG main org.springframework.web.servlet.handler.BeanNameUrlHandlerMapping - Rejected bean name 'application.SecurityConfig': no URL paths identified
DEBUG main org.springframework.web.servlet.handler.BeanNameUrlHandlerMapping - Rejected bean name 'application.SwaggerConfig': no URL paths identified
DEBUG main org.springframework.web.servlet.handler.BeanNameUrlHandlerMapping - Rejected bean name 'blogService': no URL paths identified
DEBUG main org.springframework.web.servlet.handler.BeanNameUrlHandlerMapping - Rejected bean name 'dataImporter': no URL paths identified
DEBUG main org.springframework.web.servlet.handler.BeanNameUrlHandlerMapping - Rejected bean name 'userService': no URL paths identified
DEBUG main org.springframework.web.servlet.handler.BeanNameUrlHandlerMapping - Rejected bean name 'springfox.documentation.schema.configuration.ModelsConfiguration': no URL paths identified
DEBUG main org.springframework.web.servlet.handler.BeanNameUrlHandlerMapping - Rejected bean name 'typeResolver': no URL paths identified
DEBUG main org.springframework.web.servlet.handler.BeanNameUrlHandlerMapping - Rejected bean name 'modelBuilderPluginRegistry': no URL paths identified
DEBUG main org.springframework.web.servlet.handler.BeanNameUrlHandlerMapping - Rejected bean name 'modelPropertyBuilderPluginRegistry': no URL paths identified
DEBUG main org.springframework.web.servlet.handler.BeanNameUrlHandlerMapping - Rejected bean name 'typeNameProviderPluginRegistry': no URL paths identified
DEBUG main org.springframework.web.servlet.handler.BeanNameUrlHandlerMapping - Rejected bean name 'springfox.documentation.spring.web.SpringMvcDocumentationConfiguration': no URL paths identified
DEBUG main org.springframework.web.servlet.handler.BeanNameUrlHandlerMapping - Rejected bean name 'defaults': no URL paths identified
DEBUG main org.springframework.web.servlet.handler.BeanNameUrlHandlerMapping - Rejected bean name 'resourceGroupCache': no URL paths identified
DEBUG main org.springframework.web.servlet.handler.BeanNameUrlHandlerMapping - Rejected bean name 'objectMapperConfigurer': no URL paths identified
DEBUG main org.springframework.web.servlet.handler.BeanNameUrlHandlerMapping - Rejected bean name 'jsonSerializer': no URL paths identified
DEBUG main org.springframework.web.servlet.handler.BeanNameUrlHandlerMapping - Rejected bean name 'documentationPluginRegistry': no URL paths identified
DEBUG main org.springframework.web.servlet.handler.BeanNameUrlHandlerMapping - Rejected bean name 'apiListingBuilderPluginRegistry': no URL paths identified
DEBUG main org.springframework.web.servlet.handler.BeanNameUrlHandlerMapping - Rejected bean name 'operationBuilderPluginRegistry': no URL paths identified
DEBUG main org.springframework.web.servlet.handler.BeanNameUrlHandlerMapping - Rejected bean name 'parameterBuilderPluginRegistry': no URL paths identified
DEBUG main org.springframework.web.servlet.handler.BeanNameUrlHandlerMapping - Rejected bean name 'expandedParameterBuilderPluginRegistry': no URL paths identified
DEBUG main org.springframework.web.servlet.handler.BeanNameUrlHandlerMapping - Rejected bean name 'resourceGroupingStrategyRegistry': no URL paths identified
DEBUG main org.springframework.web.servlet.handler.BeanNameUrlHandlerMapping - Rejected bean name 'operationModelsProviderPluginRegistry': no URL paths identified
DEBUG main org.springframework.web.servlet.handler.BeanNameUrlHandlerMapping - Rejected bean name 'defaultsProviderPluginRegistry': no URL paths identified
DEBUG main org.springframework.web.servlet.handler.BeanNameUrlHandlerMapping - Rejected bean name 'springfox.documentation.swagger.configuration.SwaggerCommonConfiguration': no URL paths identified
DEBUG main org.springframework.web.servlet.handler.BeanNameUrlHandlerMapping - Rejected bean name 'swaggerProperties': no URL paths identified
DEBUG main org.springframework.web.servlet.handler.BeanNameUrlHandlerMapping - Rejected bean name 'springfox.documentation.swagger2.configuration.Swagger2DocumentationConfiguration': no URL paths identified
DEBUG main org.springframework.web.servlet.handler.BeanNameUrlHandlerMapping - Rejected bean name 'swagger2Module': no URL paths identified
DEBUG main org.springframework.web.servlet.handler.BeanNameUrlHandlerMapping - Rejected bean name 'authenticationManagerBean': no URL paths identified
DEBUG main org.springframework.web.servlet.handler.BeanNameUrlHandlerMapping - Rejected bean name 'userDetailsServiceBean': no URL paths identified
DEBUG main org.springframework.web.servlet.handler.BeanNameUrlHandlerMapping - Rejected bean name 'passwordEncoder': no URL paths identified
DEBUG main org.springframework.web.servlet.handler.BeanNameUrlHandlerMapping - Rejected bean name 'publicApi': no URL paths identified
DEBUG main org.springframework.web.servlet.handler.BeanNameUrlHandlerMapping - Rejected bean name 'managementApi': no URL paths identified
DEBUG main org.springframework.web.servlet.handler.BeanNameUrlHandlerMapping - Rejected bean name 'userApi': no URL paths identified
DEBUG main org.springframework.web.servlet.handler.BeanNameUrlHandlerMapping - Rejected bean name 'org.springframework.transaction.aspectj.AspectJTransactionManagementConfiguration': no URL paths identified
DEBUG main org.springframework.web.servlet.handler.BeanNameUrlHandlerMapping - Rejected bean name 'org.springframework.transaction.config.internalTransactionAspect': no URL paths identified
DEBUG main org.springframework.web.servlet.handler.BeanNameUrlHandlerMapping - Rejected bean name 'org.springframework.transaction.config.internalTransactionalEventListenerFactory': no URL paths identified
DEBUG main org.springframework.web.servlet.handler.BeanNameUrlHandlerMapping - Rejected bean name 'org.springframework.data.web.config.HateoasAwareSpringDataWebConfiguration': no URL paths identified
DEBUG main org.springframework.web.servlet.handler.BeanNameUrlHandlerMapping - Rejected bean name 'pageableResolver': no URL paths identified
DEBUG main org.springframework.web.servlet.handler.BeanNameUrlHandlerMapping - Rejected bean name 'sortResolver': no URL paths identified
DEBUG main org.springframework.web.servlet.handler.BeanNameUrlHandlerMapping - Rejected bean name 'pagedResourcesAssembler': no URL paths identified
DEBUG main org.springframework.web.servlet.handler.BeanNameUrlHandlerMapping - Rejected bean name 'pagedResourcesAssemblerArgumentResolver': no URL paths identified
DEBUG main org.springframework.web.servlet.handler.BeanNameUrlHandlerMapping - Rejected bean name 'org.springframework.data.web.config.SpringDataJacksonConfiguration': no URL paths identified
DEBUG main org.springframework.web.servlet.handler.BeanNameUrlHandlerMapping - Rejected bean name 'jacksonGeoModule': no URL paths identified
DEBUG main org.springframework.web.servlet.handler.BeanNameUrlHandlerMapping - Rejected bean name 'auditor': no URL paths identified
DEBUG main org.springframework.web.servlet.handler.BeanNameUrlHandlerMapping - Rejected bean name 'objectMapperBuilder': no URL paths identified
DEBUG main org.springframework.web.servlet.handler.BeanNameUrlHandlerMapping - Rejected bean name 'org.springframework.boot.autoconfigure.AutoConfigurationPackages': no URL paths identified
DEBUG main org.springframework.web.servlet.handler.BeanNameUrlHandlerMapping - Rejected bean name 'entityScanBeanPostProcessor': no URL paths identified
DEBUG main org.springframework.web.servlet.handler.BeanNameUrlHandlerMapping - Rejected bean name 'org.springframework.context.config.internalBeanConfigurerAspect': no URL paths identified
DEBUG main org.springframework.web.servlet.handler.BeanNameUrlHandlerMapping - Rejected bean name 'jpaAuditingHandler': no URL paths identified
DEBUG main org.springframework.web.servlet.handler.BeanNameUrlHandlerMapping - Rejected bean name 'jpaMappingContext': no URL paths identified
DEBUG main org.springframework.web.servlet.handler.BeanNameUrlHandlerMapping - Rejected bean name 'org.springframework.data.jpa.domain.support.AuditingEntityListener': no URL paths identified
DEBUG main org.springframework.web.servlet.handler.BeanNameUrlHandlerMapping - Rejected bean name 'org.springframework.data.jpa.domain.support.AuditingBeanFactoryPostProcessor': no URL paths identified
DEBUG main org.springframework.web.servlet.handler.BeanNameUrlHandlerMapping - Rejected bean name 'org.springframework.boot.autoconfigure.PropertyPlaceholderAutoConfiguration': no URL paths identified
DEBUG main org.springframework.web.servlet.handler.BeanNameUrlHandlerMapping - Rejected bean name 'org.springframework.boot.autoconfigure.condition.BeanTypeRegistry': no URL paths identified
DEBUG main org.springframework.web.servlet.handler.BeanNameUrlHandlerMapping - Rejected bean name 'org.springframework.boot.autoconfigure.websocket.WebSocketAutoConfiguration$TomcatWebSocketConfiguration': no URL paths identified
DEBUG main org.springframework.web.servlet.handler.BeanNameUrlHandlerMapping - Rejected bean name 'websocketContainerCustomizer': no URL paths identified
DEBUG main org.springframework.web.servlet.handler.BeanNameUrlHandlerMapping - Rejected bean name 'org.springframework.boot.autoconfigure.websocket.WebSocketAutoConfiguration': no URL paths identified
DEBUG main org.springframework.web.servlet.handler.BeanNameUrlHandlerMapping - Rejected bean name 'org.springframework.boot.autoconfigure.web.EmbeddedServletContainerAutoConfiguration$EmbeddedTomcat': no URL paths identified
DEBUG main org.springframework.web.servlet.handler.BeanNameUrlHandlerMapping - Rejected bean name 'tomcatEmbeddedServletContainerFactory': no URL paths identified
DEBUG main org.springframework.web.servlet.handler.BeanNameUrlHandlerMapping - Rejected bean name 'org.springframework.boot.autoconfigure.web.EmbeddedServletContainerAutoConfiguration': no URL paths identified
DEBUG main org.springframework.web.servlet.handler.BeanNameUrlHandlerMapping - Rejected bean name 'embeddedServletContainerCustomizerBeanPostProcessor': no URL paths identified
DEBUG main org.springframework.web.servlet.handler.BeanNameUrlHandlerMapping - Rejected bean name 'org.springframework.boot.autoconfigure.web.DispatcherServletAutoConfiguration$DispatcherServletConfiguration': no URL paths identified
DEBUG main org.springframework.web.servlet.handler.BeanNameUrlHandlerMapping - Rejected bean name 'dispatcherServlet': no URL paths identified
DEBUG main org.springframework.web.servlet.handler.BeanNameUrlHandlerMapping - Rejected bean name 'dispatcherServletRegistration': no URL paths identified
DEBUG main org.springframework.web.servlet.handler.BeanNameUrlHandlerMapping - Rejected bean name 'org.springframework.boot.autoconfigure.web.DispatcherServletAutoConfiguration': no URL paths identified
DEBUG main org.springframework.web.servlet.handler.BeanNameUrlHandlerMapping - Rejected bean name 'org.springframework.boot.autoconfigure.security.oauth2.OAuth2AutoConfiguration$ResourceServerOrderProcessor': no URL paths identified
DEBUG main org.springframework.web.servlet.handler.BeanNameUrlHandlerMapping - Rejected bean name 'org.springframework.boot.autoconfigure.security.oauth2.OAuth2AutoConfiguration': no URL paths identified
DEBUG main org.springframework.web.servlet.handler.BeanNameUrlHandlerMapping - Rejected bean name 'resourceServerProperties': no URL paths identified
DEBUG main org.springframework.web.servlet.handler.BeanNameUrlHandlerMapping - Rejected bean name 'security.oauth2.client.CONFIGURATION_PROPERTIES': no URL paths identified
DEBUG main org.springframework.web.servlet.handler.BeanNameUrlHandlerMapping - Rejected bean name 'org.springframework.boot.context.properties.ConfigurationPropertiesBindingPostProcessor': no URL paths identified
DEBUG main org.springframework.web.servlet.handler.BeanNameUrlHandlerMapping - Rejected bean name 'org.springframework.boot.context.properties.ConfigurationPropertiesBindingPostProcessor.store': no URL paths identified
DEBUG main org.springframework.web.servlet.handler.BeanNameUrlHandlerMapping - Rejected bean name 'org.springframework.boot.autoconfigure.web.ErrorMvcAutoConfiguration$WhitelabelErrorViewConfiguration': no URL paths identified
DEBUG main org.springframework.web.servlet.handler.BeanNameUrlHandlerMapping - Rejected bean name 'error': no URL paths identified
DEBUG main org.springframework.web.servlet.handler.BeanNameUrlHandlerMapping - Rejected bean name 'beanNameViewResolver': no URL paths identified
DEBUG main org.springframework.web.servlet.handler.BeanNameUrlHandlerMapping - Rejected bean name 'org.springframework.boot.autoconfigure.web.ErrorMvcAutoConfiguration': no URL paths identified
DEBUG main org.springframework.web.servlet.handler.BeanNameUrlHandlerMapping - Rejected bean name 'errorAttributes': no URL paths identified
DEBUG main org.springframework.web.servlet.handler.BeanNameUrlHandlerMapping - Rejected bean name 'basicErrorController': no URL paths identified
DEBUG main org.springframework.web.servlet.handler.BeanNameUrlHandlerMapping - Rejected bean name 'org.springframework.boot.autoconfigure.web.WebMvcAutoConfiguration$EnableWebMvcConfiguration': no URL paths identified
DEBUG main org.springframework.web.servlet.handler.BeanNameUrlHandlerMapping - Rejected bean name 'requestMappingHandlerAdapter': no URL paths identified
DEBUG main org.springframework.web.servlet.handler.BeanNameUrlHandlerMapping - Rejected bean name 'requestMappingHandlerMapping': no URL paths identified
DEBUG main org.springframework.web.servlet.handler.BeanNameUrlHandlerMapping - Rejected bean name 'mvcContentNegotiationManager': no URL paths identified
DEBUG main org.springframework.web.servlet.handler.BeanNameUrlHandlerMapping - Rejected bean name 'viewControllerHandlerMapping': no URL paths identified
DEBUG main org.springframework.web.servlet.handler.BeanNameUrlHandlerMapping - Rejected bean name 'beanNameHandlerMapping': no URL paths identified
DEBUG main org.springframework.web.servlet.handler.BeanNameUrlHandlerMapping - Rejected bean name 'resourceHandlerMapping': no URL paths identified
DEBUG main org.springframework.web.servlet.handler.BeanNameUrlHandlerMapping - Rejected bean name 'mvcResourceUrlProvider': no URL paths identified
DEBUG main org.springframework.web.servlet.handler.BeanNameUrlHandlerMapping - Rejected bean name 'defaultServletHandlerMapping': no URL paths identified
DEBUG main org.springframework.web.servlet.handler.BeanNameUrlHandlerMapping - Rejected bean name 'mvcConversionService': no URL paths identified
DEBUG main org.springframework.web.servlet.handler.BeanNameUrlHandlerMapping - Rejected bean name 'mvcValidator': no URL paths identified
DEBUG main org.springframework.web.servlet.handler.BeanNameUrlHandlerMapping - Rejected bean name 'mvcPathMatcher': no URL paths identified
DEBUG main org.springframework.web.servlet.handler.BeanNameUrlHandlerMapping - Rejected bean name 'mvcUrlPathHelper': no URL paths identified
DEBUG main org.springframework.web.servlet.handler.BeanNameUrlHandlerMapping - Rejected bean name 'mvcUriComponentsContributor': no URL paths identified
DEBUG main org.springframework.web.servlet.handler.BeanNameUrlHandlerMapping - Rejected bean name 'httpRequestHandlerAdapter': no URL paths identified
DEBUG main org.springframework.web.servlet.handler.BeanNameUrlHandlerMapping - Rejected bean name 'simpleControllerHandlerAdapter': no URL paths identified
DEBUG main org.springframework.web.servlet.handler.BeanNameUrlHandlerMapping - Rejected bean name 'handlerExceptionResolver': no URL paths identified
DEBUG main org.springframework.web.servlet.handler.BeanNameUrlHandlerMapping - Rejected bean name 'mvcViewResolver': no URL paths identified
DEBUG main org.springframework.web.servlet.handler.BeanNameUrlHandlerMapping - Rejected bean name 'org.springframework.boot.autoconfigure.web.WebMvcAutoConfiguration$WebMvcAutoConfigurationAdapter$FaviconConfiguration': no URL paths identified
DEBUG main org.springframework.web.servlet.handler.BeanNameUrlHandlerMapping - Rejected bean name 'faviconHandlerMapping': no URL paths identified
DEBUG main org.springframework.web.servlet.handler.BeanNameUrlHandlerMapping - Rejected bean name 'faviconRequestHandler': no URL paths identified
DEBUG main org.springframework.web.servlet.handler.BeanNameUrlHandlerMapping - Rejected bean name 'org.springframework.boot.autoconfigure.web.WebMvcAutoConfiguration$WebMvcAutoConfigurationAdapter': no URL paths identified
DEBUG main org.springframework.web.servlet.handler.BeanNameUrlHandlerMapping - Rejected bean name 'defaultViewResolver': no URL paths identified
DEBUG main org.springframework.web.servlet.handler.BeanNameUrlHandlerMapping - Rejected bean name 'requestContextListener': no URL paths identified
DEBUG main org.springframework.web.servlet.handler.BeanNameUrlHandlerMapping - Rejected bean name 'viewResolver': no URL paths identified
DEBUG main org.springframework.web.servlet.handler.BeanNameUrlHandlerMapping - Rejected bean name 'spring.mvc.CONFIGURATION_PROPERTIES': no URL paths identified
DEBUG main org.springframework.web.servlet.handler.BeanNameUrlHandlerMapping - Rejected bean name 'spring.resources.CONFIGURATION_PROPERTIES': no URL paths identified
DEBUG main org.springframework.web.servlet.handler.BeanNameUrlHandlerMapping - Rejected bean name 'org.springframework.boot.autoconfigure.web.WebMvcAutoConfiguration': no URL paths identified
DEBUG main org.springframework.web.servlet.handler.BeanNameUrlHandlerMapping - Rejected bean name 'hiddenHttpMethodFilter': no URL paths identified
DEBUG main org.springframework.web.servlet.handler.BeanNameUrlHandlerMapping - Rejected bean name 'org.springframework.boot.autoconfigure.aop.AopAutoConfiguration$JdkDynamicAutoProxyConfiguration': no URL paths identified
DEBUG main org.springframework.web.servlet.handler.BeanNameUrlHandlerMapping - Rejected bean name 'org.springframework.aop.config.internalAutoProxyCreator': no URL paths identified
DEBUG main org.springframework.web.servlet.handler.BeanNameUrlHandlerMapping - Rejected bean name 'org.springframework.boot.autoconfigure.aop.AopAutoConfiguration': no URL paths identified
DEBUG main org.springframework.web.servlet.handler.BeanNameUrlHandlerMapping - Rejected bean name 'org.springframework.boot.autoconfigure.transaction.jta.JtaAutoConfiguration': no URL paths identified
DEBUG main org.springframework.web.servlet.handler.BeanNameUrlHandlerMapping - Rejected bean name 'spring.jta.CONFIGURATION_PROPERTIES': no URL paths identified
DEBUG main org.springframework.web.servlet.handler.BeanNameUrlHandlerMapping - Rejected bean name 'org.springframework.boot.autoconfigure.jdbc.DataSourceAutoConfiguration$JdbcTemplateConfiguration': no URL paths identified
DEBUG main org.springframework.web.servlet.handler.BeanNameUrlHandlerMapping - Rejected bean name 'jdbcTemplate': no URL paths identified
DEBUG main org.springframework.web.servlet.handler.BeanNameUrlHandlerMapping - Rejected bean name 'namedParameterJdbcTemplate': no URL paths identified
DEBUG main org.springframework.web.servlet.handler.BeanNameUrlHandlerMapping - Rejected bean name 'org.springframework.boot.autoconfigure.jdbc.DataSourceAutoConfiguration$NonEmbeddedConfiguration': no URL paths identified
DEBUG main org.springframework.web.servlet.handler.BeanNameUrlHandlerMapping - Rejected bean name 'dataSource': no URL paths identified
DEBUG main org.springframework.web.servlet.handler.BeanNameUrlHandlerMapping - Rejected bean name 'org.springframework.boot.autoconfigure.jdbc.DataSourceAutoConfiguration$DataSourceInitializerConfiguration': no URL paths identified
DEBUG main org.springframework.web.servlet.handler.BeanNameUrlHandlerMapping - Rejected bean name 'dataSourceInitializer': no URL paths identified
DEBUG main org.springframework.web.servlet.handler.BeanNameUrlHandlerMapping - Rejected bean name 'org.springframework.boot.autoconfigure.jdbc.metadata.DataSourcePoolMetadataProvidersConfiguration$CommonsDbcpPoolDataSourceMetadataProviderConfiguration': no URL paths identified
DEBUG main org.springframework.web.servlet.handler.BeanNameUrlHandlerMapping - Rejected bean name 'commonsDbcpPoolDataSourceMetadataProvider': no URL paths identified
DEBUG main org.springframework.web.servlet.handler.BeanNameUrlHandlerMapping - Rejected bean name 'org.springframework.boot.autoconfigure.jdbc.metadata.DataSourcePoolMetadataProvidersConfiguration$HikariPoolDataSourceMetadataProviderConfiguration': no URL paths identified
DEBUG main org.springframework.web.servlet.handler.BeanNameUrlHandlerMapping - Rejected bean name 'hikariPoolDataSourceMetadataProvider': no URL paths identified
DEBUG main org.springframework.web.servlet.handler.BeanNameUrlHandlerMapping - Rejected bean name 'org.springframework.boot.autoconfigure.jdbc.metadata.DataSourcePoolMetadataProvidersConfiguration$TomcatDataSourcePoolMetadataProviderConfiguration': no URL paths identified
DEBUG main org.springframework.web.servlet.handler.BeanNameUrlHandlerMapping - Rejected bean name 'tomcatPoolDataSourceMetadataProvider': no URL paths identified
DEBUG main org.springframework.web.servlet.handler.BeanNameUrlHandlerMapping - Rejected bean name 'org.springframework.boot.autoconfigure.jdbc.metadata.DataSourcePoolMetadataProvidersConfiguration': no URL paths identified
DEBUG main org.springframework.web.servlet.handler.BeanNameUrlHandlerMapping - Rejected bean name 'org.springframework.boot.autoconfigure.jdbc.DataSourceAutoConfiguration': no URL paths identified
DEBUG main org.springframework.web.servlet.handler.BeanNameUrlHandlerMapping - Rejected bean name 'spring.datasource.CONFIGURATION_PROPERTIES': no URL paths identified
DEBUG main org.springframework.web.servlet.handler.BeanNameUrlHandlerMapping - Rejected bean name 'dataSourceInitializerPostProcessor': no URL paths identified
DEBUG main org.springframework.web.servlet.handler.BeanNameUrlHandlerMapping - Rejected bean name 'org.springframework.boot.autoconfigure.orm.jpa.HibernateJpaAutoConfiguration': no URL paths identified
DEBUG main org.springframework.web.servlet.handler.BeanNameUrlHandlerMapping - Rejected bean name 'transactionManager': no URL paths identified
DEBUG main org.springframework.web.servlet.handler.BeanNameUrlHandlerMapping - Rejected bean name 'jpaVendorAdapter': no URL paths identified
DEBUG main org.springframework.web.servlet.handler.BeanNameUrlHandlerMapping - Rejected bean name 'entityManagerFactoryBuilder': no URL paths identified
DEBUG main org.springframework.web.servlet.handler.BeanNameUrlHandlerMapping - Rejected bean name 'entityManagerFactory': no URL paths identified
DEBUG main org.springframework.web.servlet.handler.BeanNameUrlHandlerMapping - Rejected bean name 'spring.jpa.CONFIGURATION_PROPERTIES': no URL paths identified
DEBUG main org.springframework.web.servlet.handler.BeanNameUrlHandlerMapping - Rejected bean name 'dataSourceInitializedPublisher': no URL paths identified
DEBUG main org.springframework.web.servlet.handler.BeanNameUrlHandlerMapping - Rejected bean name 'org.springframework.boot.autoconfigure.dao.PersistenceExceptionTranslationAutoConfiguration': no URL paths identified
DEBUG main org.springframework.web.servlet.handler.BeanNameUrlHandlerMapping - Rejected bean name 'persistenceExceptionTranslationPostProcessor': no URL paths identified
DEBUG main org.springframework.web.servlet.handler.BeanNameUrlHandlerMapping - Rejected bean name 'org.springframework.boot.autoconfigure.data.jpa.JpaRepositoriesAutoConfiguration': no URL paths identified
DEBUG main org.springframework.web.servlet.handler.BeanNameUrlHandlerMapping - Rejected bean name 'org.springframework.data.repository.core.support.RepositoryInterfaceAwareBeanPostProcessor': no URL paths identified
DEBUG main org.springframework.web.servlet.handler.BeanNameUrlHandlerMapping - Rejected bean name 'foo': no URL paths identified
DEBUG main org.springframework.web.servlet.handler.BeanNameUrlHandlerMapping - Rejected bean name 'postRepository': no URL paths identified
DEBUG main org.springframework.web.servlet.handler.BeanNameUrlHandlerMapping - Rejected bean name 'commentRepository': no URL paths identified
DEBUG main org.springframework.web.servlet.handler.BeanNameUrlHandlerMapping - Rejected bean name 'userRepository': no URL paths identified
DEBUG main org.springframework.web.servlet.handler.BeanNameUrlHandlerMapping - Rejected bean name 'org.springframework.boot.autoconfigure.jackson.JacksonAutoConfiguration$JacksonObjectMapperBuilderConfiguration': no URL paths identified
DEBUG main org.springframework.web.servlet.handler.BeanNameUrlHandlerMapping - Rejected bean name 'spring.jackson.CONFIGURATION_PROPERTIES': no URL paths identified
DEBUG main org.springframework.web.servlet.handler.BeanNameUrlHandlerMapping - Rejected bean name 'org.springframework.boot.autoconfigure.jackson.JacksonAutoConfiguration$JodaDateTimeJacksonConfiguration': no URL paths identified
DEBUG main org.springframework.web.servlet.handler.BeanNameUrlHandlerMapping - Rejected bean name 'jodaDateTimeSerializationModule': no URL paths identified
DEBUG main org.springframework.web.servlet.handler.BeanNameUrlHandlerMapping - Rejected bean name 'org.springframework.boot.autoconfigure.jackson.JacksonAutoConfiguration$JacksonObjectMapperConfiguration': no URL paths identified
DEBUG main org.springframework.web.servlet.handler.BeanNameUrlHandlerMapping - Rejected bean name 'jacksonObjectMapper': no URL paths identified
DEBUG main org.springframework.web.servlet.handler.BeanNameUrlHandlerMapping - Rejected bean name 'org.springframework.boot.autoconfigure.jackson.JacksonAutoConfiguration': no URL paths identified
DEBUG main org.springframework.web.servlet.handler.BeanNameUrlHandlerMapping - Rejected bean name 'org.springframework.boot.autoconfigure.web.HttpMessageConvertersAutoConfiguration$StringHttpMessageConverterConfiguration': no URL paths identified
DEBUG main org.springframework.web.servlet.handler.BeanNameUrlHandlerMapping - Rejected bean name 'stringHttpMessageConverter': no URL paths identified
DEBUG main org.springframework.web.servlet.handler.BeanNameUrlHandlerMapping - Rejected bean name 'spring.http.encoding.CONFIGURATION_PROPERTIES': no URL paths identified
DEBUG main org.springframework.web.servlet.handler.BeanNameUrlHandlerMapping - Rejected bean name 'org.springframework.boot.autoconfigure.web.JacksonHttpMessageConvertersConfiguration$MappingJackson2HttpMessageConverterConfiguration': no URL paths identified
DEBUG main org.springframework.web.servlet.handler.BeanNameUrlHandlerMapping - Rejected bean name 'mappingJackson2HttpMessageConverter': no URL paths identified
DEBUG main org.springframework.web.servlet.handler.BeanNameUrlHandlerMapping - Rejected bean name 'org.springframework.boot.autoconfigure.web.JacksonHttpMessageConvertersConfiguration': no URL paths identified
DEBUG main org.springframework.web.servlet.handler.BeanNameUrlHandlerMapping - Rejected bean name 'org.springframework.boot.autoconfigure.web.HttpMessageConvertersAutoConfiguration': no URL paths identified
DEBUG main org.springframework.web.servlet.handler.BeanNameUrlHandlerMapping - Rejected bean name 'messageConverters': no URL paths identified
DEBUG main org.springframework.web.servlet.handler.BeanNameUrlHandlerMapping - Rejected bean name 'org.springframework.boot.autoconfigure.hateoas.HypermediaAutoConfiguration$EntityLinksConfiguration': no URL paths identified
DEBUG main org.springframework.web.servlet.handler.BeanNameUrlHandlerMapping - Rejected bean name 'entityLinksPluginRegistry': no URL paths identified
DEBUG main org.springframework.web.servlet.handler.BeanNameUrlHandlerMapping - Rejected bean name 'controllerEntityLinks': no URL paths identified
DEBUG main org.springframework.web.servlet.handler.BeanNameUrlHandlerMapping - Rejected bean name 'delegatingEntityLinks': no URL paths identified
DEBUG main org.springframework.web.servlet.handler.BeanNameUrlHandlerMapping - Rejected bean name 'org.springframework.boot.autoconfigure.hateoas.HypermediaAutoConfiguration$HypermediaConfiguration$HalObjectMapperConfiguration': no URL paths identified
DEBUG main org.springframework.web.servlet.handler.BeanNameUrlHandlerMapping - Rejected bean name 'halObjectMapperConfigurer': no URL paths identified
DEBUG main org.springframework.web.servlet.handler.BeanNameUrlHandlerMapping - Rejected bean name 'org.springframework.boot.autoconfigure.hateoas.HypermediaAutoConfiguration$HypermediaConfiguration': no URL paths identified
DEBUG main org.springframework.web.servlet.handler.BeanNameUrlHandlerMapping - Rejected bean name '_halObjectMapper': no URL paths identified
DEBUG main org.springframework.web.servlet.handler.BeanNameUrlHandlerMapping - Rejected bean name 'org.springframework.hateoas.config.HypermediaSupportBeanDefinitionRegistrar$Jackson2ModuleRegisteringBeanPostProcessor#0': no URL paths identified
DEBUG main org.springframework.web.servlet.handler.BeanNameUrlHandlerMapping - Rejected bean name '_linkDiscovererRegistry': no URL paths identified
DEBUG main org.springframework.web.servlet.handler.BeanNameUrlHandlerMapping - Rejected bean name 'org.springframework.hateoas.LinkDiscoverers#0': no URL paths identified
DEBUG main org.springframework.web.servlet.handler.BeanNameUrlHandlerMapping - Rejected bean name 'defaultRelProvider': no URL paths identified
DEBUG main org.springframework.web.servlet.handler.BeanNameUrlHandlerMapping - Rejected bean name 'annotationRelProvider': no URL paths identified
DEBUG main org.springframework.web.servlet.handler.BeanNameUrlHandlerMapping - Rejected bean name 'relProviderPluginRegistry': no URL paths identified
DEBUG main org.springframework.web.servlet.handler.BeanNameUrlHandlerMapping - Rejected bean name '_relProvider': no URL paths identified
DEBUG main org.springframework.web.servlet.handler.BeanNameUrlHandlerMapping - Rejected bean name 'org.springframework.boot.autoconfigure.hateoas.HypermediaAutoConfiguration': no URL paths identified
DEBUG main org.springframework.web.servlet.handler.BeanNameUrlHandlerMapping - Rejected bean name 'spring.hateoas.CONFIGURATION_PROPERTIES': no URL paths identified
DEBUG main org.springframework.web.servlet.handler.BeanNameUrlHandlerMapping - Rejected bean name 'org.springframework.boot.autoconfigure.jdbc.DataSourceTransactionManagerAutoConfiguration': no URL paths identified
DEBUG main org.springframework.web.servlet.handler.BeanNameUrlHandlerMapping - Rejected bean name 'org.springframework.boot.autoconfigure.mail.MailSenderAutoConfiguration': no URL paths identified
DEBUG main org.springframework.web.servlet.handler.BeanNameUrlHandlerMapping - Rejected bean name 'spring.mail.CONFIGURATION_PROPERTIES': no URL paths identified
DEBUG main org.springframework.web.servlet.handler.BeanNameUrlHandlerMapping - Rejected bean name 'org.springframework.boot.autoconfigure.security.SpringBootWebSecurityConfiguration$ApplicationWebSecurityConfigurerAdapter': no URL paths identified
DEBUG main org.springframework.web.servlet.handler.BeanNameUrlHandlerMapping - Rejected bean name 'org.springframework.security.config.annotation.authentication.configuration.AuthenticationConfiguration': no URL paths identified
DEBUG main org.springframework.web.servlet.handler.BeanNameUrlHandlerMapping - Rejected bean name 'authenticationManagerBuilder': no URL paths identified
DEBUG main org.springframework.web.servlet.handler.BeanNameUrlHandlerMapping - Rejected bean name 'enableGlobalAuthenticationAutowiredConfigurer': no URL paths identified
DEBUG main org.springframework.web.servlet.handler.BeanNameUrlHandlerMapping - Rejected bean name 'org.springframework.security.config.annotation.web.configuration.WebSecurityConfiguration': no URL paths identified
DEBUG main org.springframework.web.servlet.handler.BeanNameUrlHandlerMapping - Rejected bean name 'delegatingApplicationListener': no URL paths identified
DEBUG main org.springframework.web.servlet.handler.BeanNameUrlHandlerMapping - Rejected bean name 'webSecurityExpressionHandler': no URL paths identified
DEBUG main org.springframework.web.servlet.handler.BeanNameUrlHandlerMapping - Rejected bean name 'springSecurityFilterChain': no URL paths identified
DEBUG main org.springframework.web.servlet.handler.BeanNameUrlHandlerMapping - Rejected bean name 'privilegeEvaluator': no URL paths identified
DEBUG main org.springframework.web.servlet.handler.BeanNameUrlHandlerMapping - Rejected bean name 'autowiredWebSecurityConfigurersIgnoreParents': no URL paths identified
DEBUG main org.springframework.web.servlet.handler.BeanNameUrlHandlerMapping - Rejected bean name 'org.springframework.security.config.annotation.configuration.ObjectPostProcessorConfiguration': no URL paths identified
DEBUG main org.springframework.web.servlet.handler.BeanNameUrlHandlerMapping - Rejected bean name 'objectPostProcessor': no URL paths identified
DEBUG main org.springframework.web.servlet.handler.BeanNameUrlHandlerMapping - Rejected bean name 'org.springframework.security.config.annotation.web.configuration.WebMvcSecurityConfiguration': no URL paths identified
DEBUG main org.springframework.web.servlet.handler.BeanNameUrlHandlerMapping - Rejected bean name 'requestDataValueProcessor': no URL paths identified
DEBUG main org.springframework.web.servlet.handler.BeanNameUrlHandlerMapping - Rejected bean name 'org.springframework.boot.autoconfigure.security.SpringBootWebSecurityConfiguration': no URL paths identified
DEBUG main org.springframework.web.servlet.handler.BeanNameUrlHandlerMapping - Rejected bean name 'ignoredPathsWebSecurityConfigurerAdapter': no URL paths identified
DEBUG main org.springframework.web.servlet.handler.BeanNameUrlHandlerMapping - Rejected bean name 'securityFilterChainRegistration': no URL paths identified
DEBUG main org.springframework.web.servlet.handler.BeanNameUrlHandlerMapping - Rejected bean name 'org.springframework.boot.autoconfigure.security.BootGlobalAuthenticationConfiguration': no URL paths identified
DEBUG main org.springframework.web.servlet.handler.BeanNameUrlHandlerMapping - Rejected bean name 'bootGlobalAuthenticationConfigurationAdapter': no URL paths identified
DEBUG main org.springframework.web.servlet.handler.BeanNameUrlHandlerMapping - Rejected bean name 'org.springframework.boot.autoconfigure.security.SecurityAutoConfiguration': no URL paths identified
DEBUG main org.springframework.web.servlet.handler.BeanNameUrlHandlerMapping - Rejected bean name 'authenticationEventPublisher': no URL paths identified
DEBUG main org.springframework.web.servlet.handler.BeanNameUrlHandlerMapping - Rejected bean name 'securityProperties': no URL paths identified
DEBUG main org.springframework.web.servlet.handler.BeanNameUrlHandlerMapping - Rejected bean name 'org.springframework.boot.autoconfigure.transaction.TransactionAutoConfiguration': no URL paths identified
DEBUG main org.springframework.web.servlet.handler.BeanNameUrlHandlerMapping - Rejected bean name 'transactionTemplate': no URL paths identified
DEBUG main org.springframework.web.servlet.handler.BeanNameUrlHandlerMapping - Rejected bean name 'org.springframework.boot.autoconfigure.web.HttpEncodingAutoConfiguration': no URL paths identified
DEBUG main org.springframework.web.servlet.handler.BeanNameUrlHandlerMapping - Rejected bean name 'characterEncodingFilter': no URL paths identified
DEBUG main org.springframework.web.servlet.handler.BeanNameUrlHandlerMapping - Rejected bean name 'org.springframework.boot.autoconfigure.web.MultipartAutoConfiguration': no URL paths identified
DEBUG main org.springframework.web.servlet.handler.BeanNameUrlHandlerMapping - Rejected bean name 'multipartConfigElement': no URL paths identified
DEBUG main org.springframework.web.servlet.handler.BeanNameUrlHandlerMapping - Rejected bean name 'multipartResolver': no URL paths identified
DEBUG main org.springframework.web.servlet.handler.BeanNameUrlHandlerMapping - Rejected bean name 'multipart.CONFIGURATION_PROPERTIES': no URL paths identified
DEBUG main org.springframework.web.servlet.handler.BeanNameUrlHandlerMapping - Rejected bean name 'org.springframework.boot.autoconfigure.web.ServerPropertiesAutoConfiguration': no URL paths identified
DEBUG main org.springframework.web.servlet.handler.BeanNameUrlHandlerMapping - Rejected bean name 'serverProperties': no URL paths identified
DEBUG main org.springframework.web.servlet.handler.BeanNameUrlHandlerMapping - Rejected bean name 'org.springframework.orm.jpa.SharedEntityManagerCreator#0': no URL paths identified
DEBUG main org.springframework.web.servlet.handler.BeanNameUrlHandlerMapping - Rejected bean name 'autoConfigurationReport': no URL paths identified
DEBUG main org.springframework.web.servlet.handler.BeanNameUrlHandlerMapping - Rejected bean name 'applicationEventMulticaster': no URL paths identified
DEBUG main org.springframework.web.servlet.handler.BeanNameUrlHandlerMapping - Rejected bean name 'springApplicationArguments': no URL paths identified
DEBUG main org.springframework.web.servlet.handler.BeanNameUrlHandlerMapping - Rejected bean name 'environment': no URL paths identified
DEBUG main org.springframework.web.servlet.handler.BeanNameUrlHandlerMapping - Rejected bean name 'systemProperties': no URL paths identified
DEBUG main org.springframework.web.servlet.handler.BeanNameUrlHandlerMapping - Rejected bean name 'systemEnvironment': no URL paths identified
DEBUG main org.springframework.web.servlet.handler.BeanNameUrlHandlerMapping - Rejected bean name 'servletContext': no URL paths identified
DEBUG main org.springframework.web.servlet.handler.BeanNameUrlHandlerMapping - Rejected bean name 'contextParameters': no URL paths identified
DEBUG main org.springframework.web.servlet.handler.BeanNameUrlHandlerMapping - Rejected bean name 'contextAttributes': no URL paths identified
DEBUG main org.springframework.web.servlet.handler.BeanNameUrlHandlerMapping - Rejected bean name 'org.springframework.context.annotation.ConfigurationClassPostProcessor.importRegistry': no URL paths identified
DEBUG main org.springframework.web.servlet.handler.BeanNameUrlHandlerMapping - Rejected bean name 'messageSource': no URL paths identified
INFO main org.springframework.web.servlet.handler.SimpleUrlHandlerMapping - Mapped URL path [/webjars/**] onto handler of type [class org.springframework.web.servlet.resource.ResourceHttpRequestHandler]
INFO main org.springframework.web.servlet.handler.SimpleUrlHandlerMapping - Mapped URL path [/**] onto handler of type [class org.springframework.web.servlet.resource.ResourceHttpRequestHandler]
DEBUG main org.springframework.web.servlet.mvc.method.annotation.ExceptionHandlerExceptionResolver - Looking for exception mappings: org.springframework.web.context.support.GenericWebApplicationContext@77f80c04: startup date [Mon Aug 17 15:00:54 CST 2015]; root of context hierarchy
INFO main org.springframework.web.servlet.mvc.method.annotation.ExceptionHandlerExceptionResolver - Detected @ExceptionHandler methods in restExceptionHandler
INFO main org.springframework.web.servlet.handler.SimpleUrlHandlerMapping - Mapped URL path [/**/favicon.ico] onto handler of type [class org.springframework.web.servlet.resource.ResourceHttpRequestHandler]
DEBUG main org.springframework.web.context.support.StandardServletEnvironment - Adding [servletConfigInitParams] PropertySource with lowest search precedence
DEBUG main org.springframework.web.context.support.StandardServletEnvironment - Adding [servletContextInitParams] PropertySource with lowest search precedence
DEBUG main org.springframework.web.context.support.StandardServletEnvironment - Adding [systemProperties] PropertySource with lowest search precedence
DEBUG main org.springframework.web.context.support.StandardServletEnvironment - Adding [systemEnvironment] PropertySource with lowest search precedence
DEBUG main org.springframework.web.context.support.StandardServletEnvironment - Initialized StandardServletEnvironment with PropertySources [servletConfigInitParams,servletContextInitParams,systemProperties,systemEnvironment]
DEBUG main org.springframework.web.context.support.StandardServletEnvironment - Adding [servletConfigInitParams] PropertySource with lowest search precedence
DEBUG main org.springframework.web.context.support.StandardServletEnvironment - Adding [servletContextInitParams] PropertySource with lowest search precedence
DEBUG main org.springframework.web.context.support.StandardServletEnvironment - Adding [systemProperties] PropertySource with lowest search precedence
DEBUG main org.springframework.web.context.support.StandardServletEnvironment - Adding [systemEnvironment] PropertySource with lowest search precedence
DEBUG main org.springframework.web.context.support.StandardServletEnvironment - Initialized StandardServletEnvironment with PropertySources [servletConfigInitParams,servletContextInitParams,systemProperties,systemEnvironment]
DEBUG main org.springframework.web.context.support.StandardServletEnvironment - Adding [servletConfigInitParams] PropertySource with lowest search precedence
DEBUG main org.springframework.web.context.support.StandardServletEnvironment - Adding [servletContextInitParams] PropertySource with lowest search precedence
DEBUG main org.springframework.web.context.support.StandardServletEnvironment - Adding [systemProperties] PropertySource with lowest search precedence
DEBUG main org.springframework.web.context.support.StandardServletEnvironment - Adding [systemEnvironment] PropertySource with lowest search precedence
DEBUG main org.springframework.web.context.support.StandardServletEnvironment - Initialized StandardServletEnvironment with PropertySources [servletConfigInitParams,servletContextInitParams,systemProperties,systemEnvironment]
DEBUG main org.springframework.web.context.support.StandardServletEnvironment - Adding [servletConfigInitParams] PropertySource with lowest search precedence
DEBUG main org.springframework.web.context.support.StandardServletEnvironment - Adding [servletContextInitParams] PropertySource with lowest search precedence
DEBUG main org.springframework.web.context.support.StandardServletEnvironment - Adding [systemProperties] PropertySource with lowest search precedence
DEBUG main org.springframework.web.context.support.StandardServletEnvironment - Adding [systemEnvironment] PropertySource with lowest search precedence
DEBUG main org.springframework.web.context.support.StandardServletEnvironment - Initialized StandardServletEnvironment with PropertySources [servletConfigInitParams,servletContextInitParams,systemProperties,systemEnvironment]
DEBUG main org.springframework.web.context.support.StandardServletEnvironment - Adding [servletConfigInitParams] PropertySource with lowest search precedence
DEBUG main org.springframework.web.context.support.StandardServletEnvironment - Adding [servletContextInitParams] PropertySource with lowest search precedence
DEBUG main org.springframework.web.context.support.StandardServletEnvironment - Adding [systemProperties] PropertySource with lowest search precedence
DEBUG main org.springframework.web.context.support.StandardServletEnvironment - Adding [systemEnvironment] PropertySource with lowest search precedence
DEBUG main org.springframework.web.context.support.StandardServletEnvironment - Initialized StandardServletEnvironment with PropertySources [servletConfigInitParams,servletContextInitParams,systemProperties,systemEnvironment]
DEBUG main org.springframework.web.context.support.StandardServletEnvironment - Adding [servletConfigInitParams] PropertySource with lowest search precedence
DEBUG main org.springframework.web.context.support.StandardServletEnvironment - Adding [servletContextInitParams] PropertySource with lowest search precedence
DEBUG main org.springframework.web.context.support.StandardServletEnvironment - Adding [systemProperties] PropertySource with lowest search precedence
DEBUG main org.springframework.web.context.support.StandardServletEnvironment - Adding [systemEnvironment] PropertySource with lowest search precedence
DEBUG main org.springframework.web.context.support.StandardServletEnvironment - Initialized StandardServletEnvironment with PropertySources [servletConfigInitParams,servletContextInitParams,systemProperties,systemEnvironment]
DEBUG main org.springframework.web.context.support.StandardServletEnvironment - Adding [servletConfigInitParams] PropertySource with lowest search precedence
DEBUG main org.springframework.web.context.support.StandardServletEnvironment - Adding [servletContextInitParams] PropertySource with lowest search precedence
DEBUG main org.springframework.web.context.support.StandardServletEnvironment - Adding [systemProperties] PropertySource with lowest search precedence
DEBUG main org.springframework.web.context.support.StandardServletEnvironment - Adding [systemEnvironment] PropertySource with lowest search precedence
DEBUG main org.springframework.web.context.support.StandardServletEnvironment - Initialized StandardServletEnvironment with PropertySources [servletConfigInitParams,servletContextInitParams,systemProperties,systemEnvironment]
INFO main org.springframework.security.web.DefaultSecurityFilterChain - Creating filter chain: Ant [pattern='/css/**'], []
INFO main org.springframework.security.web.DefaultSecurityFilterChain - Creating filter chain: Ant [pattern='/js/**'], []
INFO main org.springframework.security.web.DefaultSecurityFilterChain - Creating filter chain: Ant [pattern='/images/**'], []
INFO main org.springframework.security.web.DefaultSecurityFilterChain - Creating filter chain: Ant [pattern='/**/favicon.ico'], []
INFO main org.springframework.security.web.DefaultSecurityFilterChain - Creating filter chain: Ant [pattern='/error'], []
INFO main org.springframework.security.web.DefaultSecurityFilterChain - Creating filter chain: Ant [pattern='/**/*.html'], []
INFO main org.springframework.security.web.DefaultSecurityFilterChain - Creating filter chain: Ant [pattern='/css/**'], []
INFO main org.springframework.security.web.DefaultSecurityFilterChain - Creating filter chain: Ant [pattern='/js/**'], []
INFO main org.springframework.security.web.DefaultSecurityFilterChain - Creating filter chain: Ant [pattern='/i18n/**'], []
INFO main org.springframework.security.web.DefaultSecurityFilterChain - Creating filter chain: Ant [pattern='/libs/**'], []
INFO main org.springframework.security.web.DefaultSecurityFilterChain - Creating filter chain: Ant [pattern='/img/**'], []
INFO main org.springframework.security.web.DefaultSecurityFilterChain - Creating filter chain: Ant [pattern='/webjars/**'], []
INFO main org.springframework.security.web.DefaultSecurityFilterChain - Creating filter chain: Ant [pattern='/ico/**'], []
DEBUG main org.springframework.web.context.support.StandardServletEnvironment - Adding [servletConfigInitParams] PropertySource with lowest search precedence
DEBUG main org.springframework.web.context.support.StandardServletEnvironment - Adding [servletContextInitParams] PropertySource with lowest search precedence
DEBUG main org.springframework.web.context.support.StandardServletEnvironment - Adding [systemProperties] PropertySource with lowest search precedence
DEBUG main org.springframework.web.context.support.StandardServletEnvironment - Adding [systemEnvironment] PropertySource with lowest search precedence
DEBUG main org.springframework.web.context.support.StandardServletEnvironment - Initialized StandardServletEnvironment with PropertySources [servletConfigInitParams,servletContextInitParams,systemProperties,systemEnvironment]
DEBUG main org.springframework.web.context.support.StandardServletEnvironment - Adding [servletConfigInitParams] PropertySource with lowest search precedence
DEBUG main org.springframework.web.context.support.StandardServletEnvironment - Adding [servletContextInitParams] PropertySource with lowest search precedence
DEBUG main org.springframework.web.context.support.StandardServletEnvironment - Adding [systemProperties] PropertySource with lowest search precedence
DEBUG main org.springframework.web.context.support.StandardServletEnvironment - Adding [systemEnvironment] PropertySource with lowest search precedence
DEBUG main org.springframework.web.context.support.StandardServletEnvironment - Initialized StandardServletEnvironment with PropertySources [servletConfigInitParams,servletContextInitParams,systemProperties,systemEnvironment]
DEBUG main org.springframework.web.context.support.StandardServletEnvironment - Adding [servletConfigInitParams] PropertySource with lowest search precedence
DEBUG main org.springframework.web.context.support.StandardServletEnvironment - Adding [servletContextInitParams] PropertySource with lowest search precedence
DEBUG main org.springframework.web.context.support.StandardServletEnvironment - Adding [systemProperties] PropertySource with lowest search precedence
DEBUG main org.springframework.web.context.support.StandardServletEnvironment - Adding [systemEnvironment] PropertySource with lowest search precedence
DEBUG main org.springframework.web.context.support.StandardServletEnvironment - Initialized StandardServletEnvironment with PropertySources [servletConfigInitParams,servletContextInitParams,systemProperties,systemEnvironment]
DEBUG main org.springframework.web.context.support.StandardServletEnvironment - Adding [servletConfigInitParams] PropertySource with lowest search precedence
DEBUG main org.springframework.web.context.support.StandardServletEnvironment - Adding [servletContextInitParams] PropertySource with lowest search precedence
DEBUG main org.springframework.web.context.support.StandardServletEnvironment - Adding [systemProperties] PropertySource with lowest search precedence
DEBUG main org.springframework.web.context.support.StandardServletEnvironment - Adding [systemEnvironment] PropertySource with lowest search precedence
DEBUG main org.springframework.web.context.support.StandardServletEnvironment - Initialized StandardServletEnvironment with PropertySources [servletConfigInitParams,servletContextInitParams,systemProperties,systemEnvironment]
DEBUG main org.springframework.web.context.support.StandardServletEnvironment - Adding [servletConfigInitParams] PropertySource with lowest search precedence
DEBUG main org.springframework.web.context.support.StandardServletEnvironment - Adding [servletContextInitParams] PropertySource with lowest search precedence
DEBUG main org.springframework.web.context.support.StandardServletEnvironment - Adding [systemProperties] PropertySource with lowest search precedence
DEBUG main org.springframework.web.context.support.StandardServletEnvironment - Adding [systemEnvironment] PropertySource with lowest search precedence
DEBUG main org.springframework.web.context.support.StandardServletEnvironment - Initialized StandardServletEnvironment with PropertySources [servletConfigInitParams,servletContextInitParams,systemProperties,systemEnvironment]
DEBUG main org.springframework.web.context.support.StandardServletEnvironment - Adding [servletConfigInitParams] PropertySource with lowest search precedence
DEBUG main org.springframework.web.context.support.StandardServletEnvironment - Adding [servletContextInitParams] PropertySource with lowest search precedence
DEBUG main org.springframework.web.context.support.StandardServletEnvironment - Adding [systemProperties] PropertySource with lowest search precedence
DEBUG main org.springframework.web.context.support.StandardServletEnvironment - Adding [systemEnvironment] PropertySource with lowest search precedence
DEBUG main org.springframework.web.context.support.StandardServletEnvironment - Initialized StandardServletEnvironment with PropertySources [servletConfigInitParams,servletContextInitParams,systemProperties,systemEnvironment]
DEBUG main org.springframework.web.context.support.StandardServletEnvironment - Adding [servletConfigInitParams] PropertySource with lowest search precedence
DEBUG main org.springframework.web.context.support.StandardServletEnvironment - Adding [servletContextInitParams] PropertySource with lowest search precedence
DEBUG main org.springframework.web.context.support.StandardServletEnvironment - Adding [systemProperties] PropertySource with lowest search precedence
DEBUG main org.springframework.web.context.support.StandardServletEnvironment - Adding [systemEnvironment] PropertySource with lowest search precedence
DEBUG main org.springframework.web.context.support.StandardServletEnvironment - Initialized StandardServletEnvironment with PropertySources [servletConfigInitParams,servletContextInitParams,systemProperties,systemEnvironment]
DEBUG main org.springframework.web.context.support.StandardServletEnvironment - Adding [servletConfigInitParams] PropertySource with lowest search precedence
DEBUG main org.springframework.web.context.support.StandardServletEnvironment - Adding [servletContextInitParams] PropertySource with lowest search precedence
DEBUG main org.springframework.web.context.support.StandardServletEnvironment - Adding [systemProperties] PropertySource with lowest search precedence
DEBUG main org.springframework.web.context.support.StandardServletEnvironment - Adding [systemEnvironment] PropertySource with lowest search precedence
DEBUG main org.springframework.web.context.support.StandardServletEnvironment - Initialized StandardServletEnvironment with PropertySources [servletConfigInitParams,servletContextInitParams,systemProperties,systemEnvironment]
INFO main org.springframework.security.web.DefaultSecurityFilterChain - Creating filter chain: org.springframework.security.web.util.matcher.AnyRequestMatcher@1, [org.springframework.security.web.context.request.async.WebAsyncManagerIntegrationFilter@72bdbfe9, org.springframework.security.web.context.SecurityContextPersistenceFilter@38d4488c, org.springframework.security.web.header.HeaderWriterFilter@320e179f, org.springframework.security.web.authentication.logout.LogoutFilter@6f1163f7, org.springframework.security.web.authentication.www.BasicAuthenticationFilter@6f4029e9, org.springframework.security.web.savedrequest.RequestCacheAwareFilter@1b800a11, org.springframework.security.web.servletapi.SecurityContextHolderAwareRequestFilter@1ab502f6, org.springframework.security.web.authentication.AnonymousAuthenticationFilter@cda144a, org.springframework.security.web.session.SessionManagementFilter@4e343265, org.springframework.security.web.access.ExceptionTranslationFilter@67292fc7, org.springframework.security.web.access.intercept.FilterSecurityInterceptor@1c23e369]
DEBUG main org.springframework.web.context.support.StandardServletEnvironment - Adding [servletConfigInitParams] PropertySource with lowest search precedence
DEBUG main org.springframework.web.context.support.StandardServletEnvironment - Adding [servletContextInitParams] PropertySource with lowest search precedence
DEBUG main org.springframework.web.context.support.StandardServletEnvironment - Adding [systemProperties] PropertySource with lowest search precedence
DEBUG main org.springframework.web.context.support.StandardServletEnvironment - Adding [systemEnvironment] PropertySource with lowest search precedence
DEBUG main org.springframework.web.context.support.StandardServletEnvironment - Initialized StandardServletEnvironment with PropertySources [servletConfigInitParams,servletContextInitParams,systemProperties,systemEnvironment]
DEBUG main org.springframework.web.context.support.StandardServletEnvironment - Adding [servletConfigInitParams] PropertySource with lowest search precedence
DEBUG main org.springframework.web.context.support.StandardServletEnvironment - Adding [servletContextInitParams] PropertySource with lowest search precedence
DEBUG main org.springframework.web.context.support.StandardServletEnvironment - Adding [systemProperties] PropertySource with lowest search precedence
DEBUG main org.springframework.web.context.support.StandardServletEnvironment - Adding [systemEnvironment] PropertySource with lowest search precedence
DEBUG main org.springframework.web.context.support.StandardServletEnvironment - Initialized StandardServletEnvironment with PropertySources [servletConfigInitParams,servletContextInitParams,systemProperties,systemEnvironment]
DEBUG main org.springframework.web.context.support.StandardServletEnvironment - Adding [servletConfigInitParams] PropertySource with lowest search precedence
DEBUG main org.springframework.web.context.support.StandardServletEnvironment - Adding [servletContextInitParams] PropertySource with lowest search precedence
DEBUG main org.springframework.web.context.support.StandardServletEnvironment - Adding [systemProperties] PropertySource with lowest search precedence
DEBUG main org.springframework.web.context.support.StandardServletEnvironment - Adding [systemEnvironment] PropertySource with lowest search precedence
DEBUG main org.springframework.web.context.support.StandardServletEnvironment - Initialized StandardServletEnvironment with PropertySources [servletConfigInitParams,servletContextInitParams,systemProperties,systemEnvironment]
DEBUG main org.springframework.web.context.support.StandardServletEnvironment - Adding [servletConfigInitParams] PropertySource with lowest search precedence
DEBUG main org.springframework.web.context.support.StandardServletEnvironment - Adding [servletContextInitParams] PropertySource with lowest search precedence
DEBUG main org.springframework.web.context.support.StandardServletEnvironment - Adding [systemProperties] PropertySource with lowest search precedence
DEBUG main org.springframework.web.context.support.StandardServletEnvironment - Adding [systemEnvironment] PropertySource with lowest search precedence
DEBUG main org.springframework.web.context.support.StandardServletEnvironment - Initialized StandardServletEnvironment with PropertySources [servletConfigInitParams,servletContextInitParams,systemProperties,systemEnvironment]
DEBUG main org.springframework.web.context.support.StandardServletEnvironment - Adding [servletConfigInitParams] PropertySource with lowest search precedence
DEBUG main org.springframework.web.context.support.StandardServletEnvironment - Adding [servletContextInitParams] PropertySource with lowest search precedence
DEBUG main org.springframework.web.context.support.StandardServletEnvironment - Adding [systemProperties] PropertySource with lowest search precedence
DEBUG main org.springframework.web.context.support.StandardServletEnvironment - Adding [systemEnvironment] PropertySource with lowest search precedence
DEBUG main org.springframework.web.context.support.StandardServletEnvironment - Initialized StandardServletEnvironment with PropertySources [servletConfigInitParams,servletContextInitParams,systemProperties,systemEnvironment]
DEBUG main org.springframework.web.context.support.StandardServletEnvironment - Adding [servletConfigInitParams] PropertySource with lowest search precedence
DEBUG main org.springframework.web.context.support.StandardServletEnvironment - Adding [servletContextInitParams] PropertySource with lowest search precedence
DEBUG main org.springframework.web.context.support.StandardServletEnvironment - Adding [systemProperties] PropertySource with lowest search precedence
DEBUG main org.springframework.web.context.support.StandardServletEnvironment - Adding [systemEnvironment] PropertySource with lowest search precedence
DEBUG main org.springframework.web.context.support.StandardServletEnvironment - Initialized StandardServletEnvironment with PropertySources [servletConfigInitParams,servletContextInitParams,systemProperties,systemEnvironment]
DEBUG main org.springframework.web.context.support.StandardServletEnvironment - Adding [servletConfigInitParams] PropertySource with lowest search precedence
DEBUG main org.springframework.web.context.support.StandardServletEnvironment - Adding [servletContextInitParams] PropertySource with lowest search precedence
DEBUG main org.springframework.web.context.support.StandardServletEnvironment - Adding [systemProperties] PropertySource with lowest search precedence
DEBUG main org.springframework.web.context.support.StandardServletEnvironment - Adding [systemEnvironment] PropertySource with lowest search precedence
DEBUG main org.springframework.web.context.support.StandardServletEnvironment - Initialized StandardServletEnvironment with PropertySources [servletConfigInitParams,servletContextInitParams,systemProperties,systemEnvironment]
DEBUG main org.springframework.web.context.support.StandardServletEnvironment - Adding [servletConfigInitParams] PropertySource with lowest search precedence
DEBUG main org.springframework.web.context.support.StandardServletEnvironment - Adding [servletContextInitParams] PropertySource with lowest search precedence
DEBUG main org.springframework.web.context.support.StandardServletEnvironment - Adding [systemProperties] PropertySource with lowest search precedence
DEBUG main org.springframework.web.context.support.StandardServletEnvironment - Adding [systemEnvironment] PropertySource with lowest search precedence
DEBUG main org.springframework.web.context.support.StandardServletEnvironment - Initialized StandardServletEnvironment with PropertySources [servletConfigInitParams,servletContextInitParams,systemProperties,systemEnvironment]
INFO main org.springframework.security.web.DefaultSecurityFilterChain - Creating filter chain: OrRequestMatcher [requestMatchers=[Ant [pattern='/**']]], [org.springframework.security.web.context.request.async.WebAsyncManagerIntegrationFilter@77e1dacd, org.springframework.security.web.context.SecurityContextPersistenceFilter@7a0f43dc, org.springframework.security.web.header.HeaderWriterFilter@4bab804f, org.springframework.security.web.authentication.logout.LogoutFilter@1f6e6f50, org.springframework.security.web.authentication.www.BasicAuthenticationFilter@1f7fcec2, org.springframework.security.web.savedrequest.RequestCacheAwareFilter@58a7ca42, org.springframework.security.web.servletapi.SecurityContextHolderAwareRequestFilter@4f9980e1, org.springframework.security.web.authentication.AnonymousAuthenticationFilter@690677de, org.springframework.security.web.session.SessionManagementFilter@eebd983, org.springframework.security.web.access.ExceptionTranslationFilter@62a81453, org.springframework.security.web.access.intercept.FilterSecurityInterceptor@16890f00]
DEBUG main org.springframework.web.context.support.StandardServletEnvironment - Adding [servletConfigInitParams] PropertySource with lowest search precedence
DEBUG main org.springframework.web.context.support.StandardServletEnvironment - Adding [servletContextInitParams] PropertySource with lowest search precedence
DEBUG main org.springframework.web.context.support.StandardServletEnvironment - Adding [systemProperties] PropertySource with lowest search precedence
DEBUG main org.springframework.web.context.support.StandardServletEnvironment - Adding [systemEnvironment] PropertySource with lowest search precedence
DEBUG main org.springframework.web.context.support.StandardServletEnvironment - Initialized StandardServletEnvironment with PropertySources [servletConfigInitParams,servletContextInitParams,systemProperties,systemEnvironment]
DEBUG main org.springframework.web.context.support.StandardServletEnvironment - Adding [servletConfigInitParams] PropertySource with lowest search precedence
DEBUG main org.springframework.web.context.support.StandardServletEnvironment - Adding [servletContextInitParams] PropertySource with lowest search precedence
DEBUG main org.springframework.web.context.support.StandardServletEnvironment - Adding [systemProperties] PropertySource with lowest search precedence
DEBUG main org.springframework.web.context.support.StandardServletEnvironment - Adding [systemEnvironment] PropertySource with lowest search precedence
DEBUG main org.springframework.web.context.support.StandardServletEnvironment - Initialized StandardServletEnvironment with PropertySources [servletConfigInitParams,servletContextInitParams,systemProperties,systemEnvironment]
DEBUG main org.springframework.web.context.support.GenericWebApplicationContext - Unable to locate LifecycleProcessor with name 'lifecycleProcessor': using default [org.springframework.context.support.DefaultLifecycleProcessor@7efa366]
DEBUG main org.springframework.web.servlet.resource.ResourceUrlProvider - Looking for resource handler mappings
DEBUG main org.springframework.web.servlet.resource.ResourceUrlProvider - Found resource handler mapping: URL pattern="/**/favicon.ico", locations=[class path resource [META-INF/resources/], class path resource [resources/], class path resource [static/], class path resource [public/], class path resource []], resolvers=[org.springframework.web.servlet.resource.PathResourceResolver@5ca8c904]
DEBUG main org.springframework.web.servlet.resource.ResourceUrlProvider - Found resource handler mapping: URL pattern="/webjars/**", locations=[class path resource [META-INF/resources/webjars/]], resolvers=[org.springframework.web.servlet.resource.PathResourceResolver@4c614d8c]
DEBUG main org.springframework.web.servlet.resource.ResourceUrlProvider - Found resource handler mapping: URL pattern="/**", locations=[ServletContext resource [/], class path resource [META-INF/resources/], class path resource [resources/], class path resource [static/], class path resource [public/]], resolvers=[org.springframework.web.servlet.resource.PathResourceResolver@2ae4c424]
INFO main springfox.documentation.spring.web.plugins.DocumentationPluginsBootstrapper - Context refreshed
INFO main springfox.documentation.spring.web.plugins.DocumentationPluginsBootstrapper - Found {0} custom documentation plugin(s)
INFO main springfox.documentation.spring.web.scanners.ApiListingReferenceScanner - Scanning for api listing references
INFO main springfox.documentation.swagger.web.ClassOrApiAnnotationResourceGrouping - Group for method getUser was user-controller
INFO main springfox.documentation.spring.web.scanners.ApiListingReferenceScanner - Request mapping: getUser belongs to groups: [[ResourceGroup{groupName='user-controller', position=0, controller=com.hantsylabs.restexample.springmvc.api.user.UserController}]] 
INFO main springfox.documentation.spring.web.scanners.ApiListingReferenceScanner - Created resource listing Path: /public-api/user-controller Description: user-controller Position: 0
INFO main springfox.documentation.swagger.web.ClassOrApiAnnotationResourceGrouping - Group for method getUser was user-controller
INFO main springfox.documentation.spring.web.scanners.ApiListingReferenceScanner - Scanning for api listing references
INFO main springfox.documentation.swagger.web.ClassOrApiAnnotationResourceGrouping - Group for method deleteUser was user-mgt-controller
INFO main springfox.documentation.spring.web.scanners.ApiListingReferenceScanner - Request mapping: deleteUser belongs to groups: [[ResourceGroup{groupName='user-mgt-controller', position=0, controller=com.hantsylabs.restexample.springmvc.api.user.UserMgtController}]] 
INFO main springfox.documentation.swagger.web.ClassOrApiAnnotationResourceGrouping - Group for method allUsers was user-mgt-controller
INFO main springfox.documentation.spring.web.scanners.ApiListingReferenceScanner - Request mapping: allUsers belongs to groups: [[ResourceGroup{groupName='user-mgt-controller', position=0, controller=com.hantsylabs.restexample.springmvc.api.user.UserMgtController}]] 
INFO main springfox.documentation.swagger.web.ClassOrApiAnnotationResourceGrouping - Group for method saveUser was user-mgt-controller
INFO main springfox.documentation.spring.web.scanners.ApiListingReferenceScanner - Request mapping: saveUser belongs to groups: [[ResourceGroup{groupName='user-mgt-controller', position=0, controller=com.hantsylabs.restexample.springmvc.api.user.UserMgtController}]] 
INFO main springfox.documentation.spring.web.scanners.ApiListingReferenceScanner - Created resource listing Path: /management-api/user-mgt-controller Description: user-mgt-controller Position: 0
INFO main springfox.documentation.swagger.web.ClassOrApiAnnotationResourceGrouping - Group for method deleteUser was user-mgt-controller
INFO main springfox.documentation.swagger.web.ClassOrApiAnnotationResourceGrouping - Group for method allUsers was user-mgt-controller
INFO main springfox.documentation.swagger.web.ClassOrApiAnnotationResourceGrouping - Group for method saveUser was user-mgt-controller
INFO main springfox.documentation.spring.web.scanners.ApiListingReferenceScanner - Scanning for api listing references
INFO main springfox.documentation.swagger.web.ClassOrApiAnnotationResourceGrouping - Group for method getUser was user-controller
INFO main springfox.documentation.spring.web.scanners.ApiListingReferenceScanner - Request mapping: getUser belongs to groups: [[ResourceGroup{groupName='user-controller', position=0, controller=com.hantsylabs.restexample.springmvc.api.user.UserController}]] 
INFO main springfox.documentation.swagger.web.ClassOrApiAnnotationResourceGrouping - Group for method deleteUser was user-mgt-controller
INFO main springfox.documentation.spring.web.scanners.ApiListingReferenceScanner - Request mapping: deleteUser belongs to groups: [[ResourceGroup{groupName='user-mgt-controller', position=0, controller=com.hantsylabs.restexample.springmvc.api.user.UserMgtController}]] 
INFO main springfox.documentation.swagger.web.ClassOrApiAnnotationResourceGrouping - Group for method allUsers was user-mgt-controller
INFO main springfox.documentation.spring.web.scanners.ApiListingReferenceScanner - Request mapping: allUsers belongs to groups: [[ResourceGroup{groupName='user-mgt-controller', position=0, controller=com.hantsylabs.restexample.springmvc.api.user.UserMgtController}]] 
INFO main springfox.documentation.swagger.web.ClassOrApiAnnotationResourceGrouping - Group for method saveUser was user-mgt-controller
INFO main springfox.documentation.spring.web.scanners.ApiListingReferenceScanner - Request mapping: saveUser belongs to groups: [[ResourceGroup{groupName='user-mgt-controller', position=0, controller=com.hantsylabs.restexample.springmvc.api.user.UserMgtController}]] 
INFO main springfox.documentation.spring.web.scanners.ApiListingReferenceScanner - Created resource listing Path: /user-api/user-mgt-controller Description: user-mgt-controller Position: 0
INFO main springfox.documentation.spring.web.scanners.ApiListingReferenceScanner - Created resource listing Path: /user-api/user-controller Description: user-controller Position: 0
INFO main springfox.documentation.swagger.web.ClassOrApiAnnotationResourceGrouping - Group for method deleteUser was user-mgt-controller
INFO main springfox.documentation.swagger.web.ClassOrApiAnnotationResourceGrouping - Group for method allUsers was user-mgt-controller
INFO main springfox.documentation.swagger.web.ClassOrApiAnnotationResourceGrouping - Group for method saveUser was user-mgt-controller
INFO main springfox.documentation.swagger.web.ClassOrApiAnnotationResourceGrouping - Group for method getUser was user-controller
INFO main com.hantsylabs.restexample.springmvc.service.DataImporter - importing data into database...
INFO main org.hibernate.hql.internal.QueryTranslatorFactoryInitiator - HHH000397: Using ASTQueryTranslatorFactory
INFO main org.hibernate.engine.internal.StatisticalLoggingSessionEventListener - Session Metrics {
    101058 nanoseconds spent acquiring 1 JDBC connections;
    0 nanoseconds spent releasing 0 JDBC connections;
    554632 nanoseconds spent preparing 1 JDBC statements;
    190273 nanoseconds spent executing 1 JDBC statements;
    0 nanoseconds spent executing 0 JDBC batches;
    0 nanoseconds spent performing 0 L2C puts;
    0 nanoseconds spent performing 0 L2C hits;
    0 nanoseconds spent performing 0 L2C misses;
    0 nanoseconds spent executing 0 flushes (flushing a total of 0 entities and 0 collections);
    33555 nanoseconds spent executing 1 partial-flushes (flushing a total of 0 entities and 0 collections)
}
DEBUG main com.hantsylabs.restexample.springmvc.service.DataImporter - import users data into database...
INFO main org.hibernate.engine.internal.StatisticalLoggingSessionEventListener - Session Metrics {
    52108 nanoseconds spent acquiring 1 JDBC connections;
    0 nanoseconds spent releasing 0 JDBC connections;
    1074526 nanoseconds spent preparing 1 JDBC statements;
    3471879 nanoseconds spent executing 1 JDBC statements;
    0 nanoseconds spent executing 0 JDBC batches;
    0 nanoseconds spent performing 0 L2C puts;
    0 nanoseconds spent performing 0 L2C hits;
    0 nanoseconds spent performing 0 L2C misses;
    4915108 nanoseconds spent executing 1 flushes (flushing a total of 1 entities and 0 collections);
    0 nanoseconds spent executing 0 partial-flushes (flushing a total of 0 entities and 0 collections)
}
INFO main org.hibernate.engine.internal.StatisticalLoggingSessionEventListener - Session Metrics {
    58818 nanoseconds spent acquiring 1 JDBC connections;
    0 nanoseconds spent releasing 0 JDBC connections;
    106190 nanoseconds spent preparing 1 JDBC statements;
    184746 nanoseconds spent executing 1 JDBC statements;
    0 nanoseconds spent executing 0 JDBC batches;
    0 nanoseconds spent performing 0 L2C puts;
    0 nanoseconds spent performing 0 L2C hits;
    0 nanoseconds spent performing 0 L2C misses;
    167377 nanoseconds spent executing 1 flushes (flushing a total of 1 entities and 0 collections);
    0 nanoseconds spent executing 0 partial-flushes (flushing a total of 0 entities and 0 collections)
}
INFO main com.hantsylabs.restexample.springmvc.test.BlogServiceTest - Started BlogServiceTest in 20.153 seconds (JVM running for 22.65)
INFO main org.hibernate.engine.internal.StatisticalLoggingSessionEventListener - Session Metrics {
    53292 nanoseconds spent acquiring 1 JDBC connections;
    0 nanoseconds spent releasing 0 JDBC connections;
    920176 nanoseconds spent preparing 1 JDBC statements;
    1515468 nanoseconds spent executing 1 JDBC statements;
    0 nanoseconds spent executing 0 JDBC batches;
    0 nanoseconds spent performing 0 L2C puts;
    0 nanoseconds spent performing 0 L2C hits;
    0 nanoseconds spent performing 0 L2C misses;
    0 nanoseconds spent executing 0 flushes (flushing a total of 0 entities and 0 collections);
    44607 nanoseconds spent executing 1 partial-flushes (flushing a total of 0 entities and 0 collections)
}
INFO main org.hibernate.engine.internal.StatisticalLoggingSessionEventListener - Session Metrics {
    50134 nanoseconds spent acquiring 1 JDBC connections;
    0 nanoseconds spent releasing 0 JDBC connections;
    244748 nanoseconds spent preparing 1 JDBC statements;
    636742 nanoseconds spent executing 1 JDBC statements;
    0 nanoseconds spent executing 0 JDBC batches;
    0 nanoseconds spent performing 0 L2C puts;
    0 nanoseconds spent performing 0 L2C hits;
    0 nanoseconds spent performing 0 L2C misses;
    211984 nanoseconds spent executing 1 flushes (flushing a total of 1 entities and 0 collections);
    0 nanoseconds spent executing 0 partial-flushes (flushing a total of 0 entities and 0 collections)
}
DEBUG main com.hantsylabs.restexample.springmvc.service.BlogService - save post @PostForm{title=saving content, content=null}
DEBUG main com.hantsylabs.restexample.springmvc.service.BlogService - saved post id is @Post{title=saving content, content=null, status=DRAFT, createdBy=null, createdDate=2015-08-17T15:01:13.998, lastModifiedBy=null, lastModifiedDate=null}
INFO main org.hibernate.engine.internal.StatisticalLoggingSessionEventListener - Session Metrics {
    64345 nanoseconds spent acquiring 1 JDBC connections;
    0 nanoseconds spent releasing 0 JDBC connections;
    54872 nanoseconds spent preparing 1 JDBC statements;
    237248 nanoseconds spent executing 1 JDBC statements;
    0 nanoseconds spent executing 0 JDBC batches;
    0 nanoseconds spent performing 0 L2C puts;
    0 nanoseconds spent performing 0 L2C hits;
    0 nanoseconds spent performing 0 L2C misses;
    195799 nanoseconds spent executing 1 flushes (flushing a total of 1 entities and 0 collections);
    0 nanoseconds spent executing 0 partial-flushes (flushing a total of 0 entities and 0 collections)
}
INFO main org.hibernate.engine.internal.StatisticalLoggingSessionEventListener - Session Metrics {
    119216 nanoseconds spent acquiring 1 JDBC connections;
    0 nanoseconds spent releasing 0 JDBC connections;
    45397 nanoseconds spent preparing 1 JDBC statements;
    1069394 nanoseconds spent executing 1 JDBC statements;
    0 nanoseconds spent executing 0 JDBC batches;
    0 nanoseconds spent performing 0 L2C puts;
    0 nanoseconds spent performing 0 L2C hits;
    0 nanoseconds spent performing 0 L2C misses;
    0 nanoseconds spent executing 0 flushes (flushing a total of 0 entities and 0 collections);
    6711 nanoseconds spent executing 1 partial-flushes (flushing a total of 0 entities and 0 collections)
}
INFO main org.hibernate.engine.internal.StatisticalLoggingSessionEventListener - Session Metrics {
    41844 nanoseconds spent acquiring 1 JDBC connections;
    0 nanoseconds spent releasing 0 JDBC connections;
    159482 nanoseconds spent preparing 1 JDBC statements;
    258565 nanoseconds spent executing 1 JDBC statements;
    0 nanoseconds spent executing 0 JDBC batches;
    0 nanoseconds spent performing 0 L2C puts;
    0 nanoseconds spent performing 0 L2C hits;
    0 nanoseconds spent performing 0 L2C misses;
    162245 nanoseconds spent executing 1 flushes (flushing a total of 1 entities and 0 collections);
    0 nanoseconds spent executing 0 partial-flushes (flushing a total of 0 entities and 0 collections)
}
DEBUG main com.hantsylabs.restexample.springmvc.service.BlogService - updating post of @3, posst content @PostForm{title=updating title, content=updating content}
DEBUG main com.hantsylabs.restexample.springmvc.service.BlogService - updated post@Post{title=updating title, content=updating content, status=DRAFT, createdBy=null, createdDate=2015-08-17T15:01:14.038, lastModifiedBy=null, lastModifiedDate=null}
INFO main org.hibernate.engine.internal.StatisticalLoggingSessionEventListener - Session Metrics {
    40660 nanoseconds spent acquiring 1 JDBC connections;
    0 nanoseconds spent releasing 0 JDBC connections;
    2945276 nanoseconds spent preparing 2 JDBC statements;
    739774 nanoseconds spent executing 2 JDBC statements;
    0 nanoseconds spent executing 0 JDBC batches;
    0 nanoseconds spent performing 0 L2C puts;
    0 nanoseconds spent performing 0 L2C hits;
    0 nanoseconds spent performing 0 L2C misses;
    11953608 nanoseconds spent executing 1 flushes (flushing a total of 1 entities and 0 collections);
    0 nanoseconds spent executing 0 partial-flushes (flushing a total of 0 entities and 0 collections)
}
INFO main org.hibernate.engine.internal.StatisticalLoggingSessionEventListener - Session Metrics {
    46581 nanoseconds spent acquiring 1 JDBC connections;
    0 nanoseconds spent releasing 0 JDBC connections;
    50134 nanoseconds spent preparing 1 JDBC statements;
    262907 nanoseconds spent executing 1 JDBC statements;
    0 nanoseconds spent executing 0 JDBC batches;
    0 nanoseconds spent performing 0 L2C puts;
    0 nanoseconds spent performing 0 L2C hits;
    0 nanoseconds spent performing 0 L2C misses;
    0 nanoseconds spent executing 0 flushes (flushing a total of 0 entities and 0 collections);
    7501 nanoseconds spent executing 1 partial-flushes (flushing a total of 0 entities and 0 collections)
}
INFO main org.hibernate.engine.internal.StatisticalLoggingSessionEventListener - Session Metrics {
    39476 nanoseconds spent acquiring 1 JDBC connections;
    0 nanoseconds spent releasing 0 JDBC connections;
    130664 nanoseconds spent preparing 1 JDBC statements;
    217510 nanoseconds spent executing 1 JDBC statements;
    0 nanoseconds spent executing 0 JDBC batches;
    0 nanoseconds spent performing 0 L2C puts;
    0 nanoseconds spent performing 0 L2C hits;
    0 nanoseconds spent performing 0 L2C misses;
    145665 nanoseconds spent executing 1 flushes (flushing a total of 1 entities and 0 collections);
    0 nanoseconds spent executing 0 partial-flushes (flushing a total of 0 entities and 0 collections)
}
DEBUG main com.hantsylabs.restexample.springmvc.service.BlogService - search posts by keyword@, page @Page request [number: 0, size 10, sort: null]
DEBUG main com.hantsylabs.restexample.springmvc.service.BlogService - get posts size @1
INFO main org.hibernate.engine.internal.StatisticalLoggingSessionEventListener - Session Metrics {
    51318 nanoseconds spent acquiring 1 JDBC connections;
    0 nanoseconds spent releasing 0 JDBC connections;
    724772 nanoseconds spent preparing 2 JDBC statements;
    3621887 nanoseconds spent executing 2 JDBC statements;
    0 nanoseconds spent executing 0 JDBC batches;
    0 nanoseconds spent performing 0 L2C puts;
    0 nanoseconds spent performing 0 L2C hits;
    0 nanoseconds spent performing 0 L2C misses;
    177641 nanoseconds spent executing 1 flushes (flushing a total of 1 entities and 0 collections);
    15395 nanoseconds spent executing 2 partial-flushes (flushing a total of 0 entities and 0 collections)
}
DEBUG main com.hantsylabs.restexample.springmvc.test.BlogServiceTest - posts @[PostDetails{id=4, title=test post content@1540745648, content=null, createdBy=null, createdDate=2015-08-17T15:01:14.079, lastModifiedBy=null, lastModifiedDate=null}]
INFO Thread-1 org.springframework.web.context.support.GenericWebApplicationContext - Closing org.springframework.web.context.support.GenericWebApplicationContext@77f80c04: startup date [Mon Aug 17 15:00:54 CST 2015]; root of context hierarchy
INFO Thread-1 org.springframework.orm.jpa.LocalContainerEntityManagerFactoryBean - Closing JPA EntityManagerFactory for persistence unit 'default'
